2021-12-11 18:01:27,935 INFO  [org.jboss.modules] (main) JBoss Modules version 2.0.0.Final
2021-12-11 18:01:28,649 INFO  [org.jboss.msc] (main) JBoss MSC version 1.4.13.Final
2021-12-11 18:01:28,659 INFO  [org.jboss.threads] (main) JBoss Threads version 2.4.0.Final
2021-12-11 18:01:28,815 INFO  [org.jboss.as] (MSC service thread 1-1) WFLYSRV0049: WildFly Full 26.0.0.Beta1 (WildFly Core 18.0.0.Beta5) starting
2021-12-11 18:01:28,817 DEBUG [org.jboss.as.config] (MSC service thread 1-1) Configured system properties:
	file.encoding = Cp1252
	file.separator = \
	java.awt.headless = true
	java.class.path = C:\Users\Nuno\Desktop\IS\Assignment 3\wildfly-26.0.0.Beta1\jboss-modules.jar
	java.class.version = 61.0
	java.home = C:\Program Files\Java\jdk-17.0.1
	java.io.tmpdir = C:\Users\Nuno\AppData\Local\Temp\
	java.library.path = C:\Program Files\Java\jdk-17.0.1\bin;C:\WINDOWS\Sun\Java\bin;C:\WINDOWS\system32;C:\WINDOWS;C:\Program Files\Common Files\Oracle\Java\javapath;C:\Program Files (x86)\Common Files\Oracle\Java\javapath;C:\Program Files (x86)\Intel\Intel(R) Management Engine Components\iCLS\;C:\Program Files\Intel\Intel(R) Management Engine Components\iCLS\;C:\windows\system32;C:\windows;C:\windows\System32\Wbem;C:\windows\System32\WindowsPowerShell\v1.0\;C:\windows\System32\OpenSSH\;C:\Program Files (x86)\NVIDIA Corporation\PhysX\Common;c:\altera\91sp2\quartus\bin;C:\Program Files\NVIDIA Corporation\NVIDIA NvDLISR;C:\Program Files\PuTTY\;C:\WINDOWS\system32;C:\WINDOWS;C:\WINDOWS\System32\Wbem;C:\WINDOWS\System32\WindowsPowerShell\v1.0\;C:\WINDOWS\System32\OpenSSH\;C:\Program Files\MATLAB\R2019b\bin;C:\Program Files (x86)\Java\jre1.8.0_241\bin;C:\Program Files\apache-maven-3.8.2\bin;;C:\Program Files\Docker\Docker\resources\bin;C:\ProgramData\DockerDesktop\version-bin;C:\Users\Nuno\AppData\Local\Microsoft\WindowsApps;C:\Program Files (x86)\Nmap;C:\Program Files\JetBrains\PyCharm Community Edition 2021.1.3\bin;C:\Users\Nuno\AppData\Local\GitHubDesktop\bin;C:\Program Files\JetBrains\CLion 2021.2.2\bin;.
	java.net.preferIPv4Stack = true
	java.runtime.name = Java(TM) SE Runtime Environment
	java.runtime.version = 17.0.1+12-LTS-39
	java.specification.name = Java Platform API Specification
	java.specification.vendor = Oracle Corporation
	java.specification.version = 17
	java.util.logging.manager = org.jboss.logmanager.LogManager
	java.vendor = Oracle Corporation
	java.vendor.url = https://java.oracle.com/
	java.vendor.url.bug = https://bugreport.java.com/bugreport/
	java.version = 17.0.1
	java.version.date = 2021-10-19
	java.vm.compressedOopsMode = 32-bit
	java.vm.info = mixed mode, sharing
	java.vm.name = Java HotSpot(TM) 64-Bit Server VM
	java.vm.specification.name = Java Virtual Machine Specification
	java.vm.specification.vendor = Oracle Corporation
	java.vm.specification.version = 17
	java.vm.vendor = Oracle Corporation
	java.vm.version = 17.0.1+12-LTS-39
	javax.management.builder.initial = org.jboss.as.jmx.PluggableMBeanServerBuilder
	jboss.home.dir = C:\Users\Nuno\Desktop\IS\Assignment 3\wildfly-26.0.0.Beta1
	jboss.host.name = nuno-pc
	jboss.modules.dir = C:\Users\Nuno\Desktop\IS\Assignment 3\wildfly-26.0.0.Beta1\modules
	jboss.modules.system.pkgs = org.jboss.byteman
	jboss.node.name = nuno-pc
	jboss.qualified.host.name = nuno-pc
	jboss.server.base.dir = C:\Users\Nuno\Desktop\IS\Assignment 3\wildfly-26.0.0.Beta1\standalone
	jboss.server.config.dir = C:\Users\Nuno\Desktop\IS\Assignment 3\wildfly-26.0.0.Beta1\standalone\configuration
	jboss.server.data.dir = C:\Users\Nuno\Desktop\IS\Assignment 3\wildfly-26.0.0.Beta1\standalone\data
	jboss.server.deploy.dir = C:\Users\Nuno\Desktop\IS\Assignment 3\wildfly-26.0.0.Beta1\standalone\data\content
	jboss.server.log.dir = C:\Users\Nuno\Desktop\IS\Assignment 3\wildfly-26.0.0.Beta1\standalone\log
	jboss.server.name = nuno-pc
	jboss.server.persist.config = true
	jboss.server.temp.dir = C:\Users\Nuno\Desktop\IS\Assignment 3\wildfly-26.0.0.Beta1\standalone\tmp
	jdk.debug = release
	line.separator = 

	logging.configuration = file:C:\Users\Nuno\Desktop\IS\Assignment 3\wildfly-26.0.0.Beta1\standalone\configuration/logging.properties
	module.path = C:\Users\Nuno\Desktop\IS\Assignment 3\wildfly-26.0.0.Beta1\modules
	native.encoding = Cp1252
	org.jboss.boot.log.file = C:\Users\Nuno\Desktop\IS\Assignment 3\wildfly-26.0.0.Beta1\standalone\log\server.log
	org.jboss.resolver.warning = true
	os.arch = amd64
	os.name = Windows 10
	os.version = 10.0
	path.separator = ;
	program.name = standalone.bat
	sun.arch.data.model = 64
	sun.boot.library.path = C:\Program Files\Java\jdk-17.0.1\bin
	sun.cpu.endian = little
	sun.cpu.isalist = amd64
	sun.io.unicode.encoding = UnicodeLittle
	sun.java.command = C:\Users\Nuno\Desktop\IS\Assignment 3\wildfly-26.0.0.Beta1\jboss-modules.jar -mp C:\Users\Nuno\Desktop\IS\Assignment 3\wildfly-26.0.0.Beta1\modules org.jboss.as.standalone -Djboss.home.dir=C:\Users\Nuno\Desktop\IS\Assignment 3\wildfly-26.0.0.Beta1
	sun.java.launcher = SUN_STANDARD
	sun.jnu.encoding = Cp1252
	sun.management.compiler = HotSpot 64-Bit Tiered Compilers
	sun.os.patch.level = 
	sun.stderr.encoding = cp850
	sun.stdout.encoding = cp850
	user.country = PT
	user.dir = C:\Users\Nuno\Desktop\IS\Assignment 3\wildfly-26.0.0.Beta1\bin
	user.home = C:\Users\Nuno
	user.language = pt
	user.name = Nuno
	user.script = 
	user.timezone = Europe/Lisbon
	user.variant = 
2021-12-11 18:01:28,820 DEBUG [org.jboss.as.config] (MSC service thread 1-1) VM Arguments: -Dprogram.name=standalone.bat -Xms64M -Xmx512M -XX:MetaspaceSize=96M -XX:MaxMetaspaceSize=256m -Djava.net.preferIPv4Stack=true -Djboss.modules.system.pkgs=org.jboss.byteman -Djava.awt.headless=true --add-exports=java.desktop/sun.awt=ALL-UNNAMED --add-exports=java.naming/com.sun.jndi.ldap=ALL-UNNAMED --add-opens=java.base/java.lang=ALL-UNNAMED --add-opens=java.base/java.lang.invoke=ALL-UNNAMED --add-opens=java.base/java.io=ALL-UNNAMED --add-opens=java.base/java.lang.reflect=ALL-UNNAMED --add-opens=java.base/java.security=ALL-UNNAMED --add-opens=java.base/java.util=ALL-UNNAMED --add-opens=java.base/java.util.concurrent=ALL-UNNAMED --add-opens=java.management/javax.management=ALL-UNNAMED --add-opens=java.naming/javax.naming=ALL-UNNAMED -Dorg.jboss.boot.log.file=C:\Users\Nuno\Desktop\IS\Assignment 3\wildfly-26.0.0.Beta1\standalone\log\server.log -Dlogging.configuration=file:C:\Users\Nuno\Desktop\IS\Assignment 3\wildfly-26.0.0.Beta1\standalone\configuration/logging.properties 
2021-12-11 18:01:29,876 INFO  [org.wildfly.security] (ServerService Thread Pool -- 27) ELY00001: WildFly Elytron version 1.18.0.Final
2021-12-11 18:01:31,137 INFO  [org.jboss.as.repository] (ServerService Thread Pool -- 15) WFLYDR0001: Content added at location C:\Users\Nuno\Desktop\IS\Assignment 3\wildfly-26.0.0.Beta1\standalone\data\content\a5\d9dd16e199be50a4209be09d045d6e85568a81\content
2021-12-11 18:01:31,190 INFO  [org.jboss.as.server] (Controller Boot Thread) WFLYSRV0039: Creating http management service using socket-binding (management-http)
2021-12-11 18:01:31,239 INFO  [org.xnio] (MSC service thread 1-3) XNIO version 3.8.5.Final
2021-12-11 18:01:31,261 INFO  [org.xnio.nio] (MSC service thread 1-3) XNIO NIO Implementation Version 3.8.5.Final
2021-12-11 18:01:31,375 INFO  [org.jboss.as.jaxrs] (ServerService Thread Pool -- 56) WFLYRS0016: RESTEasy version 4.7.3.Final
2021-12-11 18:01:31,399 INFO  [org.wildfly.extension.elytron.oidc._private] (ServerService Thread Pool -- 52) WFLYOIDC0001: Activating WildFly Elytron OIDC Subsystem
2021-12-11 18:01:31,407 INFO  [org.wildfly.extension.io] (ServerService Thread Pool -- 55) WFLYIO001: Worker 'default' has auto-configured to 16 IO threads with 128 max task threads based on your 8 available processors
2021-12-11 18:01:31,451 INFO  [org.wildfly.extension.health] (ServerService Thread Pool -- 53) WFLYHEALTH0001: Activating Base Health Subsystem
2021-12-11 18:01:31,475 INFO  [org.wildfly.extension.microprofile.config.smallrye] (ServerService Thread Pool -- 64) WFLYCONF0001: Activating MicroProfile Config Subsystem
2021-12-11 18:01:31,475 INFO  [org.wildfly.extension.microprofile.jwt.smallrye] (ServerService Thread Pool -- 65) WFLYJWT0001: Activating MicroProfile JWT Subsystem
2021-12-11 18:01:31,486 WARN  [org.jboss.as.txn] (ServerService Thread Pool -- 74) WFLYTX0013: The node-identifier attribute on the /subsystem=transactions is set to the default value. This is a danger for environments running multiple servers. Please make sure the attribute value is unique.
2021-12-11 18:01:31,492 INFO  [org.jboss.as.clustering.infinispan] (ServerService Thread Pool -- 54) WFLYCLINF0001: Activating Infinispan subsystem.
2021-12-11 18:01:31,564 INFO  [org.jboss.as.jsf] (ServerService Thread Pool -- 61) WFLYJSF0007: Activated the following Jakarta Server Faces Implementations: [main]
2021-12-11 18:01:31,652 INFO  [org.wildfly.extension.microprofile.opentracing] (ServerService Thread Pool -- 66) WFLYTRACEXT0001: Activating MicroProfile OpenTracing Subsystem
2021-12-11 18:01:31,665 INFO  [org.wildfly.extension.metrics] (ServerService Thread Pool -- 63) WFLYMETRICS0001: Activating Base Metrics Subsystem
2021-12-11 18:01:31,667 INFO  [org.jboss.as.naming] (ServerService Thread Pool -- 67) WFLYNAM0001: Activating Naming Subsystem
2021-12-11 18:01:31,669 INFO  [org.jboss.as.webservices] (ServerService Thread Pool -- 76) WFLYWS0002: Activating WebServices Extension
2021-12-11 18:01:31,851 INFO  [org.jboss.as.connector] (MSC service thread 1-8) WFLYJCA0009: Starting Jakarta Connectors Subsystem (WildFly/IronJacamar 1.5.3.Final)
2021-12-11 18:01:32,016 INFO  [org.jboss.as.connector.subsystems.datasources] (ServerService Thread Pool -- 44) WFLYJCA0004: Deploying JDBC-compliant driver class org.h2.Driver (version 1.4)
2021-12-11 18:01:32,098 INFO  [org.wildfly.extension.undertow] (MSC service thread 1-2) WFLYUT0003: Undertow 2.2.13.Final starting
2021-12-11 18:01:32,171 INFO  [org.jboss.as.connector.deployers.jdbc] (MSC service thread 1-2) WFLYJCA0018: Started Driver service with driver-name = h2
2021-12-11 18:01:32,174 INFO  [org.jboss.as.naming] (MSC service thread 1-2) WFLYNAM0003: Starting Naming Service
2021-12-11 18:01:32,332 INFO  [org.jboss.remoting] (MSC service thread 1-4) JBoss Remoting version 5.0.23.Final
2021-12-11 18:01:32,489 INFO  [org.jboss.as.mail.extension] (MSC service thread 1-2) WFLYMAIL0001: Bound mail session [java:jboss/mail/Default]
2021-12-11 18:01:32,601 WARN  [org.wildfly.extension.elytron] (MSC service thread 1-2) WFLYELY00023: KeyStore file 'C:\Users\Nuno\Desktop\IS\Assignment 3\wildfly-26.0.0.Beta1\standalone\configuration\application.keystore' does not exist. Used blank.
2021-12-11 18:01:32,620 INFO  [org.wildfly.extension.undertow] (ServerService Thread Pool -- 75) WFLYUT0014: Creating file handler for path 'C:\Users\Nuno\Desktop\IS\Assignment 3\wildfly-26.0.0.Beta1/welcome-content' with options [directory-listing: 'false', follow-symlink: 'false', case-sensitive: 'true', safe-symlink-paths: '[]']
2021-12-11 18:01:32,833 WARN  [org.wildfly.extension.elytron] (MSC service thread 1-6) WFLYELY01084: KeyStore C:\Users\Nuno\Desktop\IS\Assignment 3\wildfly-26.0.0.Beta1\standalone\configuration\application.keystore not found, it will be auto generated on first use with a self-signed certificate for host localhost
2021-12-11 18:01:32,995 INFO  [org.wildfly.extension.undertow] (MSC service thread 1-7) WFLYUT0012: Started server default-server.
2021-12-11 18:01:33,002 INFO  [org.wildfly.extension.undertow] (MSC service thread 1-7) Queuing requests.
2021-12-11 18:01:33,019 INFO  [org.wildfly.extension.undertow] (MSC service thread 1-7) WFLYUT0018: Host default-host starting
2021-12-11 18:01:33,136 INFO  [org.jboss.as.ejb3] (MSC service thread 1-4) WFLYEJB0482: Strict pool mdb-strict-max-pool is using a max instance size of 32 (per class), which is derived from the number of CPUs on this host.
2021-12-11 18:01:33,136 INFO  [org.jboss.as.ejb3] (MSC service thread 1-3) WFLYEJB0481: Strict pool slsb-strict-max-pool is using a max instance size of 128 (per class), which is derived from thread worker pool sizing.
2021-12-11 18:01:33,508 INFO  [org.wildfly.extension.undertow] (MSC service thread 1-5) WFLYUT0006: Undertow HTTP listener default listening on 127.0.0.1:8080
2021-12-11 18:01:33,863 INFO  [org.wildfly.extension.undertow] (MSC service thread 1-2) WFLYUT0006: Undertow HTTPS listener https listening on 127.0.0.1:8443
2021-12-11 18:01:34,018 INFO  [org.jboss.as.ejb3] (MSC service thread 1-3) WFLYEJB0493: Jakarta Enterprise Beans subsystem suspension complete
2021-12-11 18:01:34,155 INFO  [org.jboss.as.patching] (MSC service thread 1-8) WFLYPAT0050: WildFly Full cumulative patch ID is: base, one-off patches include: none
2021-12-11 18:01:34,183 INFO  [org.jboss.as.server.deployment.scanner] (MSC service thread 1-2) WFLYDS0013: Started FileSystemDeploymentService for directory C:\Users\Nuno\Desktop\IS\Assignment 3\wildfly-26.0.0.Beta1\standalone\deployments
2021-12-11 18:01:34,222 INFO  [org.jboss.as.server.deployment] (MSC service thread 1-4) WFLYSRV0027: Starting deployment of "ear.ear" (runtime-name: "ear.ear")
2021-12-11 18:01:34,320 INFO  [org.jboss.as.connector.subsystems.datasources] (MSC service thread 1-7) WFLYJCA0001: Bound data source [java:jboss/datasources/ExampleDS]
2021-12-11 18:01:34,487 INFO  [org.jboss.ws.common.management] (MSC service thread 1-5) JBWS022052: Starting JBossWS 5.4.4.Final (Apache CXF 3.4.5) 
2021-12-11 18:01:34,499 INFO  [org.jboss.as.server.deployment] (MSC service thread 1-2) WFLYSRV0207: Starting subdeployment (runtime-name: "restws.war")
2021-12-11 18:01:37,427 INFO  [org.infinispan.CONTAINER] (ServerService Thread Pool -- 78) ISPN000128: Infinispan version: Infinispan 'Taedonggang' 12.1.7.Final
2021-12-11 18:01:37,567 INFO  [org.infinispan.CONFIG] (MSC service thread 1-3) ISPN000152: Passivation configured without an eviction policy being selected. Only manually evicted entities will be passivated.
2021-12-11 18:01:37,575 INFO  [org.infinispan.CONFIG] (MSC service thread 1-3) ISPN000152: Passivation configured without an eviction policy being selected. Only manually evicted entities will be passivated.
2021-12-11 18:01:37,711 INFO  [org.infinispan.CONTAINER] (ServerService Thread Pool -- 78) ISPN000556: Starting user marshaller 'org.wildfly.clustering.infinispan.spi.marshalling.InfinispanProtoStreamMarshaller'
2021-12-11 18:01:37,959 INFO  [org.infinispan.CONTAINER] (ServerService Thread Pool -- 78) ISPN000025: wakeUpInterval is <= 0, not starting expired purge thread
2021-12-11 18:01:38,056 INFO  [org.jboss.as.clustering.infinispan] (ServerService Thread Pool -- 78) WFLYCLINF0002: Started http-remoting-connector cache from ejb container
2021-12-11 18:01:39,106 INFO  [org.jboss.resteasy.resteasy_jaxrs.i18n] (ServerService Thread Pool -- 79) RESTEASY002225: Deploying javax.ws.rs.core.Application: class book.ApplicationConfig
2021-12-11 18:01:39,222 INFO  [org.hibernate.validator.internal.util.Version] (ServerService Thread Pool -- 79) HV000001: Hibernate Validator 6.0.22.Final
2021-12-11 18:01:39,311 INFO  [org.wildfly.extension.undertow] (ServerService Thread Pool -- 79) WFLYUT0021: Registered web context: '/restws' for server 'default-server'
2021-12-11 18:01:39,456 INFO  [org.jboss.as.server] (ServerService Thread Pool -- 45) WFLYSRV0010: Deployed "ear.ear" (runtime-name : "ear.ear")
2021-12-11 18:01:39,585 INFO  [org.jboss.as.server] (Controller Boot Thread) WFLYSRV0212: Resuming server
2021-12-11 18:01:39,590 INFO  [org.jboss.as] (Controller Boot Thread) WFLYSRV0025: WildFly Full 26.0.0.Beta1 (WildFly Core 18.0.0.Beta5) started in 12134ms - Started 423 of 626 services (344 services are lazy, passive or on-demand)
2021-12-11 18:01:39,596 INFO  [org.jboss.as] (Controller Boot Thread) WFLYSRV0060: Http management interface listening on http://127.0.0.1:9990/management
2021-12-11 18:01:39,596 INFO  [org.jboss.as] (Controller Boot Thread) WFLYSRV0051: Admin console listening on http://127.0.0.1:9990
