[2021-12-03 11:47:47,649] INFO Starting the log cleaner (kafka.log.LogCleaner)
[2021-12-03 11:47:47,737] INFO [kafka-log-cleaner-thread-0]: Starting (kafka.log.LogCleaner)
[2021-12-06 17:19:49,108] INFO Starting the log cleaner (kafka.log.LogCleaner)
[2021-12-06 17:19:49,199] INFO [kafka-log-cleaner-thread-0]: Starting (kafka.log.LogCleaner)
[2021-12-07 20:19:14,524] INFO Starting the log cleaner (kafka.log.LogCleaner)
[2021-12-07 20:19:14,632] INFO [kafka-log-cleaner-thread-0]: Starting (kafka.log.LogCleaner)
[2021-12-07 20:19:15,821] INFO Shutting down the log cleaner. (kafka.log.LogCleaner)
[2021-12-07 20:19:15,823] INFO [kafka-log-cleaner-thread-0]: Shutting down (kafka.log.LogCleaner)
[2021-12-07 20:19:15,823] INFO [kafka-log-cleaner-thread-0]: Stopped (kafka.log.LogCleaner)
[2021-12-07 20:19:15,823] INFO [kafka-log-cleaner-thread-0]: Shutdown completed (kafka.log.LogCleaner)
[2021-12-07 20:30:53,389] INFO Starting the log cleaner (kafka.log.LogCleaner)
[2021-12-07 20:30:53,549] INFO [kafka-log-cleaner-thread-0]: Starting (kafka.log.LogCleaner)
[2021-12-08 12:15:00,526] INFO Starting the log cleaner (kafka.log.LogCleaner)
[2021-12-08 12:15:00,640] INFO [kafka-log-cleaner-thread-0]: Starting (kafka.log.LogCleaner)
[2021-12-08 12:15:02,100] INFO Shutting down the log cleaner. (kafka.log.LogCleaner)
[2021-12-08 12:15:02,100] INFO [kafka-log-cleaner-thread-0]: Shutting down (kafka.log.LogCleaner)
[2021-12-08 12:15:02,101] INFO [kafka-log-cleaner-thread-0]: Stopped (kafka.log.LogCleaner)
[2021-12-08 12:15:02,101] INFO [kafka-log-cleaner-thread-0]: Shutdown completed (kafka.log.LogCleaner)
[2021-12-08 12:15:24,247] INFO Starting the log cleaner (kafka.log.LogCleaner)
[2021-12-08 12:15:24,331] INFO [kafka-log-cleaner-thread-0]: Starting (kafka.log.LogCleaner)
[2021-12-08 12:45:08,125] INFO Starting the log cleaner (kafka.log.LogCleaner)
[2021-12-08 12:45:08,207] INFO [kafka-log-cleaner-thread-0]: Starting (kafka.log.LogCleaner)
[2021-12-08 12:48:38,696] INFO Shutting down the log cleaner. (kafka.log.LogCleaner)
[2021-12-08 12:48:38,697] INFO [kafka-log-cleaner-thread-0]: Shutting down (kafka.log.LogCleaner)
[2021-12-08 12:48:38,697] INFO [kafka-log-cleaner-thread-0]: Stopped (kafka.log.LogCleaner)
[2021-12-08 12:48:38,697] INFO [kafka-log-cleaner-thread-0]: Shutdown completed (kafka.log.LogCleaner)
[2021-12-08 12:49:45,040] INFO Starting the log cleaner (kafka.log.LogCleaner)
[2021-12-08 12:49:45,121] INFO [kafka-log-cleaner-thread-0]: Starting (kafka.log.LogCleaner)
[2021-12-08 12:52:58,900] INFO Shutting down the log cleaner. (kafka.log.LogCleaner)
[2021-12-08 12:52:58,902] INFO [kafka-log-cleaner-thread-0]: Shutting down (kafka.log.LogCleaner)
[2021-12-08 12:52:58,903] INFO [kafka-log-cleaner-thread-0]: Stopped (kafka.log.LogCleaner)
[2021-12-08 12:52:58,903] INFO [kafka-log-cleaner-thread-0]: Shutdown completed (kafka.log.LogCleaner)
[2021-12-08 12:53:50,509] INFO Starting the log cleaner (kafka.log.LogCleaner)
[2021-12-08 12:53:50,591] INFO [kafka-log-cleaner-thread-0]: Starting (kafka.log.LogCleaner)
[2021-12-08 13:05:49,988] INFO Starting the log cleaner (kafka.log.LogCleaner)
[2021-12-08 13:05:50,073] INFO [kafka-log-cleaner-thread-0]: Starting (kafka.log.LogCleaner)
[2021-12-08 13:09:22,825] INFO Shutting down the log cleaner. (kafka.log.LogCleaner)
[2021-12-08 13:09:22,825] INFO [kafka-log-cleaner-thread-0]: Shutting down (kafka.log.LogCleaner)
[2021-12-08 13:09:22,825] INFO [kafka-log-cleaner-thread-0]: Stopped (kafka.log.LogCleaner)
[2021-12-08 13:09:22,825] INFO [kafka-log-cleaner-thread-0]: Shutdown completed (kafka.log.LogCleaner)
